<?xml version="1.0" encoding="UTF-8"?>
<!-- Generated by org.testng.reporters.JUnitReportReporter -->
<testsuite hostname="LAPTOP-E5V544TN" failures="0" tests="1" name="com.gmail.testcases.GmailSignup1Test" time="52.284" errors="0" timestamp="23 Jun 2018 10:57:38 GMT">
  <testcase classname="com.gmail.testcases.GmailSignup1Test" name="gmailSignupTest1" time="52.284"/>
</testsuite> <!-- com.gmail.testcases.GmailSignup1Test -->
