<?xml version="1.0" encoding="UTF-8"?>
<!-- Generated by org.testng.reporters.JUnitReportReporter -->
<testsuite hostname="LAPTOP-E5V544TN" name="com.gmail.testcases.GmailSignupTest" tests="2" failures="0" timestamp="4 Jul 2018 12:36:22 GMT" time="80.144" errors="0">
  <testcase name="gmailSignupTest1" time="32.627" classname="com.gmail.testcases.GmailSignupTest"/>
  <testcase name="gmailSignupTest1" time="47.517" classname="com.gmail.testcases.GmailSignupTest"/>
</testsuite> <!-- com.gmail.testcases.GmailSignupTest -->
