<?xml version="1.0" encoding="UTF-8"?>
<!-- Generated by org.testng.reporters.JUnitReportReporter -->
<testsuite hostname="LAPTOP-E5V544TN" name="com.gmail.testcases.GmailSignupTest" tests="2" failures="0" timestamp="4 Jul 2018 11:31:16 GMT" time="92.434" errors="0">
  <testcase name="gmailSignupTest1" time="33.912" classname="com.gmail.testcases.GmailSignupTest"/>
  <testcase name="gmailSignupTest1" time="58.522" classname="com.gmail.testcases.GmailSignupTest"/>
</testsuite> <!-- com.gmail.testcases.GmailSignupTest -->
